f:\documentos\cursos\curso_c_plus_plus\trabalhofinal\unicamp_inf1900_progamacao_cpp\m5\inf_1900_m5_projeto_final\tucro.ui\debug\vc143.pdb
f:\documentos\cursos\curso_c_plus_plus\trabalhofinal\unicamp_inf1900_progamacao_cpp\m5\inf_1900_m5_projeto_final\tucro.ui\debug\vc143.idb
f:\documentos\cursos\curso_c_plus_plus\trabalhofinal\unicamp_inf1900_progamacao_cpp\m5\inf_1900_m5_projeto_final\tucro.ui\debug\pathutils.obj
f:\documentos\cursos\curso_c_plus_plus\trabalhofinal\unicamp_inf1900_progamacao_cpp\m5\inf_1900_m5_projeto_final\tucro.ui\debug\mainwindow.obj
f:\documentos\cursos\curso_c_plus_plus\trabalhofinal\unicamp_inf1900_progamacao_cpp\m5\inf_1900_m5_projeto_final\tucro.ui\debug\main.obj
f:\documentos\cursos\curso_c_plus_plus\trabalhofinal\unicamp_inf1900_progamacao_cpp\m5\inf_1900_m5_projeto_final\tucro.ui\debug\applicationmfc.obj
f:\documentos\cursos\curso_c_plus_plus\trabalhofinal\unicamp_inf1900_progamacao_cpp\m5\inf_1900_m5_projeto_final\tucro.ui\debug\baseview.obj
f:\documentos\cursos\curso_c_plus_plus\trabalhofinal\unicamp_inf1900_progamacao_cpp\m5\inf_1900_m5_projeto_final\tucro.ui\debug\texturefactory.obj
f:\documentos\cursos\curso_c_plus_plus\trabalhofinal\unicamp_inf1900_progamacao_cpp\m5\inf_1900_m5_projeto_final\tucro.ui\debug\drawable.obj
f:\documentos\cursos\curso_c_plus_plus\trabalhofinal\unicamp_inf1900_progamacao_cpp\m5\inf_1900_m5_projeto_final\tucro.ui\debug\card.obj
f:\documentos\cursos\curso_c_plus_plus\trabalhofinal\unicamp_inf1900_progamacao_cpp\m5\inf_1900_m5_projeto_final\debug\tucro.ui.exe
f:\documentos\cursos\curso_c_plus_plus\trabalhofinal\unicamp_inf1900_progamacao_cpp\m5\inf_1900_m5_projeto_final\tucro.ui\debug\tucro.ui.ilk
f:\documentos\cursos\curso_c_plus_plus\trabalhofinal\unicamp_inf1900_progamacao_cpp\m5\inf_1900_m5_projeto_final\debug\tucro.ui.pdb
f:\documentos\cursos\curso_c_plus_plus\trabalhofinal\unicamp_inf1900_progamacao_cpp\m5\inf_1900_m5_projeto_final\tucro.ui\debug\cardviewmodel.obj
f:\documentos\cursos\curso_c_plus_plus\trabalhofinal\unicamp_inf1900_progamacao_cpp\m5\inf_1900_m5_projeto_final\tucro.ui\debug\carta.obj
f:\documentos\cursos\curso_c_plus_plus\trabalhofinal\unicamp_inf1900_progamacao_cpp\m5\inf_1900_m5_projeto_final\tucro.ui\debug\cartaviewmodel.obj
f:\documentos\cursos\curso_c_plus_plus\trabalhofinal\unicamp_inf1900_progamacao_cpp\m5\inf_1900_m5_projeto_final\tucro.ui\debug\idrawable.obj
f:\documentos\cursos\curso_c_plus_plus\trabalhofinal\unicamp_inf1900_progamacao_cpp\m5\inf_1900_m5_projeto_final\tucro.ui\debug\texturasfactory.obj
f:\documentos\cursos\curso_c_plus_plus\trabalhofinal\unicamp_inf1900_progamacao_cpp\m5\inf_1900_m5_projeto_final\tucro.ui\debug\tucro.ui.tlog\cl.command.1.tlog
f:\documentos\cursos\curso_c_plus_plus\trabalhofinal\unicamp_inf1900_progamacao_cpp\m5\inf_1900_m5_projeto_final\tucro.ui\debug\tucro.ui.tlog\cl.items.tlog
f:\documentos\cursos\curso_c_plus_plus\trabalhofinal\unicamp_inf1900_progamacao_cpp\m5\inf_1900_m5_projeto_final\tucro.ui\debug\tucro.ui.tlog\cl.read.1.tlog
f:\documentos\cursos\curso_c_plus_plus\trabalhofinal\unicamp_inf1900_progamacao_cpp\m5\inf_1900_m5_projeto_final\tucro.ui\debug\tucro.ui.tlog\cl.write.1.tlog
f:\documentos\cursos\curso_c_plus_plus\trabalhofinal\unicamp_inf1900_progamacao_cpp\m5\inf_1900_m5_projeto_final\tucro.ui\debug\tucro.ui.tlog\link.command.1.tlog
f:\documentos\cursos\curso_c_plus_plus\trabalhofinal\unicamp_inf1900_progamacao_cpp\m5\inf_1900_m5_projeto_final\tucro.ui\debug\tucro.ui.tlog\link.read.1.tlog
f:\documentos\cursos\curso_c_plus_plus\trabalhofinal\unicamp_inf1900_progamacao_cpp\m5\inf_1900_m5_projeto_final\tucro.ui\debug\tucro.ui.tlog\link.write.1.tlog
