  64 bit Processing .\AtlComServer.idl
  AtlComServer.idl
  64 bit Processing C:\Program Files (x86)\Windows Kits\10\Include\10.0.22621.0\um\oaidl.idl
  oaidl.idl
  64 bit Processing C:\Program Files (x86)\Windows Kits\10\Include\10.0.22621.0\um\objidl.idl
  objidl.idl
  64 bit Processing C:\Program Files (x86)\Windows Kits\10\Include\10.0.22621.0\um\unknwn.idl
  unknwn.idl
  64 bit Processing C:\Program Files (x86)\Windows Kits\10\Include\10.0.22621.0\shared\wtypes.idl
  wtypes.idl
  64 bit Processing C:\Program Files (x86)\Windows Kits\10\Include\10.0.22621.0\shared\wtypesbase.idl
  wtypesbase.idl
  64 bit Processing C:\Program Files (x86)\Windows Kits\10\Include\10.0.22621.0\shared\basetsd.h
  basetsd.h
  64 bit Processing C:\Program Files (x86)\Windows Kits\10\Include\10.0.22621.0\shared\guiddef.h
  guiddef.h
  64 bit Processing C:\Program Files (x86)\Windows Kits\10\Include\10.0.22621.0\um\ocidl.idl
  ocidl.idl
  64 bit Processing C:\Program Files (x86)\Windows Kits\10\Include\10.0.22621.0\um\oleidl.idl
  oleidl.idl
  64 bit Processing C:\Program Files (x86)\Windows Kits\10\Include\10.0.22621.0\um\servprov.idl
  servprov.idl
  64 bit Processing C:\Program Files (x86)\Windows Kits\10\Include\10.0.22621.0\um\urlmon.idl
  urlmon.idl
  64 bit Processing C:\Program Files (x86)\Windows Kits\10\Include\10.0.22621.0\um\msxml.idl
  msxml.idl
  64 bit Processing C:\Program Files (x86)\Windows Kits\10\Include\10.0.22621.0\um\oaidl.acf
  oaidl.acf
  64 bit Processing C:\Program Files (x86)\Windows Kits\10\Include\10.0.22621.0\um\ocidl.acf
  ocidl.acf
  pch.cpp
  AtlComServer.cpp
  Calculator.cpp
  Gerando Código...
  AtlComServer_i.c
  dllmain.cpp
     Criando biblioteca C:\Users\renan\source\repos\unicamp_inf1900_progamacao_cpp\M3\W10\INF1900_M3_Exercicio_5\x64\Debug\AtlComServer.lib e objeto C:\Users\renan\source\repos\unicamp_inf1900_progamacao_cpp\M3\W10\INF1900_M3_Exercicio_5\x64\Debug\AtlComServer.exp
  AtlComServer.vcxproj -> C:\Users\renan\source\repos\unicamp_inf1900_progamacao_cpp\M3\W10\INF1900_M3_Exercicio_5\x64\Debug\AtlComServer.dll
C:\Program Files\Microsoft Visual Studio\2022\Community\MSBuild\Microsoft\VC\v170\Microsoft.CppCommon.targets(2403,5): warning MSB3075: O comando "regsvr32 /s /n /i:user "C:\Users\renan\source\repos\unicamp_inf1900_progamacao_cpp\M3\W10\INF1900_M3_Exercicio_5\x64\Debug\AtlComServer.dll"" foi encerrado com o código 5. Verifique se você tem direitos suficientes para executar este comando.
C:\Program Files\Microsoft Visual Studio\2022\Community\MSBuild\Microsoft\VC\v170\Microsoft.CppCommon.targets(2412,5): error MSB8011: falha ao registrar saída. Tente habilitar o Redirecionamento por Usuário ou registrar o componente de um prompt de comando com permissões elevadas.
