d:\unicamp\m3\w10\inf1900_m3_exercicio_5\atlproject\x64\debug\atlproject.pch
d:\unicamp\m3\w10\inf1900_m3_exercicio_5\atlproject\x64\debug\vc143.pdb
d:\unicamp\m3\w10\inf1900_m3_exercicio_5\atlproject\x64\debug\vc143.idb
d:\unicamp\m3\w10\inf1900_m3_exercicio_5\atlproject\x64\debug\pch.obj
d:\unicamp\m3\w10\inf1900_m3_exercicio_5\atlproject\x64\debug\calculator.obj
d:\unicamp\m3\w10\inf1900_m3_exercicio_5\atlproject\x64\debug\atlproject.obj
d:\unicamp\m3\w10\inf1900_m3_exercicio_5\atlproject\x64\debug\atlproject_i.obj
d:\unicamp\m3\w10\inf1900_m3_exercicio_5\atlproject\x64\debug\dllmain.obj
d:\unicamp\m3\w10\inf1900_m3_exercicio_5\x64\debug\atlproject.lib
d:\unicamp\m3\w10\inf1900_m3_exercicio_5\x64\debug\atlproject.exp
d:\unicamp\m3\w10\inf1900_m3_exercicio_5\x64\debug\atlproject.dll
d:\unicamp\m3\w10\inf1900_m3_exercicio_5\atlproject\x64\debug\atlproject.ilk
d:\unicamp\m3\w10\inf1900_m3_exercicio_5\x64\debug\atlproject.pdb
c:\windows\pcdrm\dump\20231114_nsccor03.log
d:\unicamp\m3\w10\inf1900_m3_exercicio_5\atlproject\x64\debug\atlproject.tlb
d:\unicamp\m3\w10\inf1900_m3_exercicio_5\atlproject\atlproject_p.c
d:\unicamp\m3\w10\inf1900_m3_exercicio_5\atlproject\atlproject_i.c
d:\unicamp\m3\w10\inf1900_m3_exercicio_5\atlproject\atlproject_i.h
d:\unicamp\m3\w10\inf1900_m3_exercicio_5\atlproject\x64\debug\atlproject.res
d:\unicamp\m3\w10\inf1900_m3_exercicio_5\atlproject\x64\debug\atlproject.tlog\cl.command.1.tlog
d:\unicamp\m3\w10\inf1900_m3_exercicio_5\atlproject\x64\debug\atlproject.tlog\cl.read.1.tlog
d:\unicamp\m3\w10\inf1900_m3_exercicio_5\atlproject\x64\debug\atlproject.tlog\cl.write.1.tlog
d:\unicamp\m3\w10\inf1900_m3_exercicio_5\atlproject\x64\debug\atlproject.tlog\link.command.1.tlog
d:\unicamp\m3\w10\inf1900_m3_exercicio_5\atlproject\x64\debug\atlproject.tlog\link.read.1.tlog
d:\unicamp\m3\w10\inf1900_m3_exercicio_5\atlproject\x64\debug\atlproject.tlog\link.write.1.tlog
d:\unicamp\m3\w10\inf1900_m3_exercicio_5\atlproject\x64\debug\atlproject.tlog\link.write.2u.tlog
d:\unicamp\m3\w10\inf1900_m3_exercicio_5\atlproject\x64\debug\atlproject.tlog\midl.command.1.tlog
d:\unicamp\m3\w10\inf1900_m3_exercicio_5\atlproject\x64\debug\atlproject.tlog\midl.read.1.tlog
d:\unicamp\m3\w10\inf1900_m3_exercicio_5\atlproject\x64\debug\atlproject.tlog\midl.write.1.tlog
d:\unicamp\m3\w10\inf1900_m3_exercicio_5\atlproject\x64\debug\atlproject.tlog\rc.command.1.tlog
d:\unicamp\m3\w10\inf1900_m3_exercicio_5\atlproject\x64\debug\atlproject.tlog\rc.read.1.tlog
d:\unicamp\m3\w10\inf1900_m3_exercicio_5\atlproject\x64\debug\atlproject.tlog\rc.write.1.tlog
